failed line: 1: `2022-06-21 12:29:17.742+03:00  INFO [9ec5153c8585c6df,9ec5153c8585c6df] --- [nio-8080-exec-1] e.b.ruuter.domain.ConfigurationInstance  : [ incoming.request] - - - - - Request received for configuration: get-message`;
	patterns/logs/ruuter/ruuter.yml:
		failed at position: 0 (`2022-06-21 12:29:17.742+03:00  INFO [9ec5153c8585c6df,9ec5153c8585c6df] --- [nio-8080-exec-1] e.b.ruuter.domain.ConfigurationInstance  : [ incoming.request]) 
		 pattern: /^\[(\d{4}-\d{2}-\d{2} \d{2}:\d{2}:\d{2})\]$/ (timestamp)
	patterns/logs/ruuter/ruuter_2.yml:
		failed line pattern: /^\[(\d{4}-\d{2}-\d{2} \d{2}:\d{2}:\d{2})\]$/ (timestamp)
	patterns/logs/ruuter/test.yml:
		failed at position: 1 (undefined) 
		 pattern: /\/\d{1,3}\.\d{1,3}\.\d{1,3}\.\d{1,3}\// (ip)
		failed at position: 2 (undefined) 
		 pattern: /\/\d{3}\// (responseCode)
failed line: 2: `2022-06-21 12:29:17.742+03:00  INFO [9ec5153c8585c6df,9ec5153c8585c6df] --- [nio-8080-exec-1] e.b.ruuter.domain.ConfigurationInstance  : [ incoming.request] - - - - - Request received for configuration: get-message`;
	patterns/logs/ruuter/ruuter.yml:
		failed at position: 0 (`2022-06-21 12:29:17.742+03:00  INFO [9ec5153c8585c6df,9ec5153c8585c6df] --- [nio-8080-exec-1] e.b.ruuter.domain.ConfigurationInstance  : [ incoming.request]) 
		 pattern: /^\[(\d{4}-\d{2}-\d{2} \d{2}:\d{2}:\d{2})\]$/ (timestamp)
	patterns/logs/ruuter/ruuter_2.yml:
		failed line pattern: /^\[(\d{4}-\d{2}-\d{2} \d{2}:\d{2}:\d{2})\]$/ (timestamp)
	patterns/logs/ruuter/test.yml:
		failed at position: 1 (undefined) 
		 pattern: /\/\d{1,3}\.\d{1,3}\.\d{1,3}\.\d{1,3}\// (ip)
		failed at position: 2 (undefined) 
		 pattern: /\/\d{3}\// (responseCode)
failed line: 3: `2022-06-21 12:29:17.742+03:00   [9ec5153c8585c6df,9ec5153c8585c6df] --- [nio-8080-exec-1] e.b.ruuter.domain.ConfigurationInstance  : [ incoming.request] - - - - - Request received for configuration: get-message`;
	patterns/logs/ruuter/ruuter.yml:
		failed at position: 0 (`2022-06-21 12:29:17.742+03:00   [9ec5153c8585c6df,9ec5153c8585c6df] --- [nio-8080-exec-1] e.b.ruuter.domain.ConfigurationInstance  : [ incoming.request]) 
		 pattern: /^\[(\d{4}-\d{2}-\d{2} \d{2}:\d{2}:\d{2})\]$/ (timestamp)
	patterns/logs/ruuter/ruuter_2.yml:
		failed line pattern: /^\[(\d{4}-\d{2}-\d{2} \d{2}:\d{2}:\d{2})\]$/ (timestamp)
	patterns/logs/ruuter/test.yml:
		failed at position: 1 (undefined) 
		 pattern: /\/\d{1,3}\.\d{1,3}\.\d{1,3}\.\d{1,3}\// (ip)
		failed at position: 2 (undefined) 
		 pattern: /\/\d{3}\// (responseCode)
failed line: 4: `2022-06-21 12:29:17.742+03:00  INFO [9ec5153c8585c6df,9ec5153c8585c6df] --- [nio-8080-exec-1] e.b.ruuter.domain.ConfigurationInstance  : [ incoming.request] - - - - - Request received for configuration: get-message`;
	patterns/logs/ruuter/ruuter.yml:
		failed at position: 0 (`2022-06-21 12:29:17.742+03:00  INFO [9ec5153c8585c6df,9ec5153c8585c6df] --- [nio-8080-exec-1] e.b.ruuter.domain.ConfigurationInstance  : [ incoming.request]) 
		 pattern: /^\[(\d{4}-\d{2}-\d{2} \d{2}:\d{2}:\d{2})\]$/ (timestamp)
	patterns/logs/ruuter/ruuter_2.yml:
		failed line pattern: /^\[(\d{4}-\d{2}-\d{2} \d{2}:\d{2}:\d{2})\]$/ (timestamp)
	patterns/logs/ruuter/test.yml:
		failed at position: 1 (undefined) 
		 pattern: /\/\d{1,3}\.\d{1,3}\.\d{1,3}\.\d{1,3}\// (ip)
		failed at position: 2 (undefined) 
		 pattern: /\/\d{3}\// (responseCode)
failed line: 5: ` INFO [9ec5153c8585c6df,9ec5153c8585c6df] --- [nio-8080-exec-1] e.b.ruuter.domain.ConfigurationInstance  : [ incoming.request] - - - - - Request received for configuration: get-message`;
	patterns/logs/ruuter/ruuter.yml:
		failed at position: 0 (` INFO [9ec5153c8585c6df,9ec5153c8585c6df] --- [nio-8080-exec-1] e.b.ruuter.domain.ConfigurationInstance  : [ incoming.request]) 
		 pattern: /^\[(\d{4}-\d{2}-\d{2} \d{2}:\d{2}:\d{2})\]$/ (timestamp)
	patterns/logs/ruuter/ruuter_2.yml:
		failed line pattern: /^\[(\d{4}-\d{2}-\d{2} \d{2}:\d{2}:\d{2})\]$/ (timestamp)
	patterns/logs/ruuter/test.yml:
		failed at position: 1 (undefined) 
		 pattern: /\/\d{1,3}\.\d{1,3}\.\d{1,3}\.\d{1,3}\// (ip)
		failed at position: 2 (undefined) 
		 pattern: /\/\d{3}\// (responseCode)
