failed line: 1: 2022-06-21 12:29:17.742+03:00  INFO [9ec5153c8585c6df,9ec5153c8585c6df] --- [nio-8080-exec-1] e.b.ruuter.domain.ConfigurationInstance  : [ incoming.request] - - - - - Request received for configuration: get-message
	patterns/logs/request_id.yml:
		failed line pattern: /^\[(\d{4}-\d{2}-\d{2} \d{2}:\d{2}:\d{2})\]$/ (timestamp)
		failed at position: 0 (2022-06-21 12:29:17.742+03:00  INFO [9ec5153c8585c6df,9ec5153c8585c6df] --- [nio-8080-exec-1] e.b.ruuter.domain.ConfigurationInstance  : [ incoming.request] - - - - - Request received for configuration: get-message) 
		 pattern: /^\[(\d{4}-\d{2}-\d{2} \d{2}:\d{2}:\d{2})\]$/ (timestamp)
	patterns/logs/ruuter.yml:
		failed at position: 0 (2022-06-21 12:29:17.742+03:00  INFO [9ec5153c8585c6df,9ec5153c8585c6df] --- [nio-8080-exec-1] e.b.ruuter.domain.ConfigurationInstance  : [ incoming.request]) 
		 pattern: /^\[(\d{4}-\d{2}-\d{2} \d{2}:\d{2}:\d{2})\]$/ (timestamp)
	patterns/logs/client_id_1/ruuter/ruuter_client.yml:
		failed line pattern: /^\[(\d{4}-\d{2}-\d{2} \d{2}:\d{2}:\d{2})\]$/ (timestamp)
		failed line pattern: /^\[.*\] \[.*\] \[(.*)\]$/ (request_id)
		failed line pattern: /^\[.*\] \[(.*)\] \[.*\]$/ (client_id)
		failed line pattern: /^\[.*\] \[.*\] \[.*\] \[(.*)\]$/ (log_level)
		failed line pattern: /^\[.*\] \[.*\] \[.*\] \[.*\] (.*)$/ (message)
failed line: 2: 2022-06-21 12:29:18.027+03:00  INFO [9ec5153c8585c6df,03f0c4f392719216] --- [nio-8080-exec-1] e.b.ruuter.domain.steps.http.HttpStep    : [         http.get] http://localhost:8081/healthz - - 200 283 Executed: get_message
	patterns/logs/request_id.yml:
		failed line pattern: /^\[(\d{4}-\d{2}-\d{2} \d{2}:\d{2}:\d{2})\]$/ (timestamp)
		failed at position: 0 (2022-06-21 12:29:18.027+03:00  INFO [9ec5153c8585c6df,03f0c4f392719216] --- [nio-8080-exec-1] e.b.ruuter.domain.steps.http.HttpStep    : [         http.get] http://localhost:8081/healthz - - 200 283 Executed: get_message) 
		 pattern: /^\[(\d{4}-\d{2}-\d{2} \d{2}:\d{2}:\d{2})\]$/ (timestamp)
	patterns/logs/ruuter.yml:
		failed at position: 0 (2022-06-21 12:29:18.027+03:00  INFO [9ec5153c8585c6df,03f0c4f392719216] --- [nio-8080-exec-1] e.b.ruuter.domain.steps.http.HttpStep    : [         http.get] http://localhost:8081/healthz) 
		 pattern: /^\[(\d{4}-\d{2}-\d{2} \d{2}:\d{2}:\d{2})\]$/ (timestamp)
	patterns/logs/client_id_1/ruuter/ruuter_client.yml:
		failed line pattern: /^\[(\d{4}-\d{2}-\d{2} \d{2}:\d{2}:\d{2})\]$/ (timestamp)
		failed line pattern: /^\[.*\] \[.*\] \[(.*)\]$/ (request_id)
		failed line pattern: /^\[.*\] \[(.*)\] \[.*\]$/ (client_id)
		failed line pattern: /^\[.*\] \[.*\] \[.*\] \[(.*)\]$/ (log_level)
		failed line pattern: /^\[.*\] \[.*\] \[.*\] \[.*\] (.*)$/ (message)
failed line: 3: 2022-06-21 12:29:18.030+03:00  INFO [9ec5153c8585c6df,e57225a41b2cdf1e] --- [nio-8080-exec-1] e.b.r.domain.steps.ConfigurationStep     : [           assign] - - - - 0 Executed: assign_value
	patterns/logs/request_id.yml:
		failed line pattern: /^\[(\d{4}-\d{2}-\d{2} \d{2}:\d{2}:\d{2})\]$/ (timestamp)
		failed at position: 0 (2022-06-21 12:29:18.030+03:00  INFO [9ec5153c8585c6df,e57225a41b2cdf1e] --- [nio-8080-exec-1] e.b.r.domain.steps.ConfigurationStep     : [           assign] - - - - 0 Executed: assign_value) 
		 pattern: /^\[(\d{4}-\d{2}-\d{2} \d{2}:\d{2}:\d{2})\]$/ (timestamp)
	patterns/logs/ruuter.yml:
		failed at position: 0 (2022-06-21 12:29:18.030+03:00  INFO [9ec5153c8585c6df,e57225a41b2cdf1e] --- [nio-8080-exec-1] e.b.r.domain.steps.ConfigurationStep     : [           assign]) 
		 pattern: /^\[(\d{4}-\d{2}-\d{2} \d{2}:\d{2}:\d{2})\]$/ (timestamp)
	patterns/logs/client_id_1/ruuter/ruuter_client.yml:
		failed line pattern: /^\[(\d{4}-\d{2}-\d{2} \d{2}:\d{2}:\d{2})\]$/ (timestamp)
		failed line pattern: /^\[.*\] \[.*\] \[(.*)\]$/ (request_id)
		failed line pattern: /^\[.*\] \[(.*)\] \[.*\]$/ (client_id)
		failed line pattern: /^\[.*\] \[.*\] \[.*\] \[(.*)\]$/ (log_level)
		failed line pattern: /^\[.*\] \[.*\] \[.*\] \[.*\] (.*)$/ (message)
failed line: 4: 2022-06-21 12:29:18.793+03:00  INFO [9ec5153c8585c6df,4a7e067ca0b1b46c] --- [nio-8080-exec-1] e.b.r.domain.steps.ConfigurationStep     : [           return] - - - - 763 Executed: return_value
	patterns/logs/request_id.yml:
		failed line pattern: /^\[(\d{4}-\d{2}-\d{2} \d{2}:\d{2}:\d{2})\]$/ (timestamp)
		failed at position: 0 (2022-06-21 12:29:18.793+03:00  INFO [9ec5153c8585c6df,4a7e067ca0b1b46c] --- [nio-8080-exec-1] e.b.r.domain.steps.ConfigurationStep     : [           return] - - - - 763 Executed: return_value) 
		 pattern: /^\[(\d{4}-\d{2}-\d{2} \d{2}:\d{2}:\d{2})\]$/ (timestamp)
	patterns/logs/ruuter.yml:
		failed at position: 0 (2022-06-21 12:29:18.793+03:00  INFO [9ec5153c8585c6df,4a7e067ca0b1b46c] --- [nio-8080-exec-1] e.b.r.domain.steps.ConfigurationStep     : [           return]) 
		 pattern: /^\[(\d{4}-\d{2}-\d{2} \d{2}:\d{2}:\d{2})\]$/ (timestamp)
	patterns/logs/client_id_1/ruuter/ruuter_client.yml:
		failed line pattern: /^\[(\d{4}-\d{2}-\d{2} \d{2}:\d{2}:\d{2})\]$/ (timestamp)
		failed line pattern: /^\[.*\] \[.*\] \[(.*)\]$/ (request_id)
		failed line pattern: /^\[.*\] \[(.*)\] \[.*\]$/ (client_id)
		failed line pattern: /^\[.*\] \[.*\] \[.*\] \[(.*)\]$/ (log_level)
		failed line pattern: /^\[.*\] \[.*\] \[.*\] \[.*\] (.*)$/ (message)
failed line: 5: INFO [9ec5153c8585c6df,9ec5153c8585c6df] --- [nio-8080-exec-1] e.b.ruuter.domain.ConfigurationInstance  : [incoming.response] - - - - - Request processed for configuration: get-message
	patterns/logs/request_id.yml:
		failed line pattern: /^\[(\d{4}-\d{2}-\d{2} \d{2}:\d{2}:\d{2})\]$/ (timestamp)
		failed at position: 0 (INFO [9ec5153c8585c6df,9ec5153c8585c6df] --- [nio-8080-exec-1] e.b.ruuter.domain.ConfigurationInstance  : [incoming.response] - - - - - Request processed for configuration: get-message) 
		 pattern: /^\[(\d{4}-\d{2}-\d{2} \d{2}:\d{2}:\d{2})\]$/ (timestamp)
	patterns/logs/ruuter.yml:
		failed at position: 0 (INFO [9ec5153c8585c6df,9ec5153c8585c6df] --- [nio-8080-exec-1] e.b.ruuter.domain.ConfigurationInstance  : [incoming.response]) 
		 pattern: /^\[(\d{4}-\d{2}-\d{2} \d{2}:\d{2}:\d{2})\]$/ (timestamp)
	patterns/logs/client_id_1/ruuter/ruuter_client.yml:
		failed line pattern: /^\[(\d{4}-\d{2}-\d{2} \d{2}:\d{2}:\d{2})\]$/ (timestamp)
		failed line pattern: /^\[.*\] \[.*\] \[(.*)\]$/ (request_id)
		failed line pattern: /^\[.*\] \[(.*)\] \[.*\]$/ (client_id)
		failed line pattern: /^\[.*\] \[.*\] \[.*\] \[(.*)\]$/ (log_level)
		failed line pattern: /^\[.*\] \[.*\] \[.*\] \[.*\] (.*)$/ (message)
